INFO  time: initialize in 0.95s
WARN  no build tool detected in workspace 'c:\xampp\htdocs\gp\Group-Project'. The most common cause for this problem is that the editor was opened in the wrong working directory, for example if you use sbt then the workspace directory should contain build.sbt. 
INFO  time: initialize in 7.12s
WARN  no build tool detected in workspace 'c:\xampp\htdocs\gp\Group-Project'. The most common cause for this problem is that the editor was opened in the wrong working directory, for example if you use sbt then the workspace directory should contain build.sbt. 
INFO  time: initialize in 6.01s
WARN  no build tool detected in workspace 'c:\xampp\htdocs\Group-Project'. The most common cause for this problem is that the editor was opened in the wrong working directory, for example if you use sbt then the workspace directory should contain build.sbt. 
INFO  time: initialize in 1.61s
WARN  no build tool detected in workspace 'c:\xampp\htdocs\Group-Project'. The most common cause for this problem is that the editor was opened in the wrong working directory, for example if you use sbt then the workspace directory should contain build.sbt. 
INFO  time: initialize in 1.21s
WARN  no build tool detected in workspace 'C:\xampp\htdocs\Group-Project'. The most common cause for this problem is that the editor was opened in the wrong working directory, for example if you use sbt then the workspace directory should contain build.sbt. 
INFO  time: initialize in 2.18s
WARN  no build tool detected in workspace 'C:\xampp\htdocs\Group-Project'. The most common cause for this problem is that the editor was opened in the wrong working directory, for example if you use sbt then the workspace directory should contain build.sbt. 
INFO  time: initialize in 0.89s
WARN  no build tool detected in workspace 'C:\xampp\htdocs\Group-Project'. The most common cause for this problem is that the editor was opened in the wrong working directory, for example if you use sbt then the workspace directory should contain build.sbt. 
INFO  time: initialize in 0.83s
WARN  no build tool detected in workspace 'C:\xampp\htdocs\Group-Project'. The most common cause for this problem is that the editor was opened in the wrong working directory, for example if you use sbt then the workspace directory should contain build.sbt. 
INFO  time: initialize in 0.49s
WARN  no build tool detected in workspace 'C:\xampp\htdocs\Group-Project'. The most common cause for this problem is that the editor was opened in the wrong working directory, for example if you use sbt then the workspace directory should contain build.sbt. 
INFO  time: initialize in 0.48s
WARN  no build tool detected in workspace 'C:\xampp\htdocs\Group-Project'. The most common cause for this problem is that the editor was opened in the wrong working directory, for example if you use sbt then the workspace directory should contain build.sbt. 
Oct 28, 2019 10:33:25 AM org.eclipse.lsp4j.jsonrpc.services.GenericEndpoint notify
INFO: Unsupported notification method: $/setTraceNotification
Oct 28, 2019 11:33:53 AM org.eclipse.lsp4j.jsonrpc.services.GenericEndpoint notify
INFO: Unsupported notification method: $/setTraceNotification
INFO  shutting down Metals
INFO  time: initialize in 2s
WARN  no build tool detected in workspace 'C:\xampp\htdocs\Group-Project'. The most common cause for this problem is that the editor was opened in the wrong working directory, for example if you use sbt then the workspace directory should contain build.sbt. 
Oct 30, 2019 2:12:13 PM org.eclipse.lsp4j.jsonrpc.services.GenericEndpoint notify
INFO: Unsupported notification method: $/setTraceNotification
Oct 30, 2019 4:00:47 PM org.eclipse.lsp4j.jsonrpc.services.GenericEndpoint notify
INFO: Unsupported notification method: $/setTraceNotification
Oct 30, 2019 9:47:56 PM org.eclipse.lsp4j.jsonrpc.services.GenericEndpoint notify
INFO: Unsupported notification method: $/setTraceNotification
